<?xml version="1.0" encoding="UTF-8"?>
<!-- Generated by org.testng.reporters.JUnitXMLReporter -->
<testsuite ignored="0" hostname="LAPTOP-PTHGE1OP" failures="0" tests="4" name="Default test" time="30.931" errors="0" timestamp="21 May 2021 16:34:40 GMT">
  <testcase classname="TestCowinAvailability" name="openURL" time="18.304"/>
  <testcase classname="TestCowinAvailability" name="searchByDistrictOption" time="0.12"/>
  <testcase classname="TestCowinAvailability" name="searchByDistrict" time="3.329"/>
  <testcase classname="TestCowinAvailability" name="searchForLocations" time="6.923"/>
</testsuite> <!-- Default test -->
